<?xml version="1.0" encoding="UTF-8"?>
<!-- Generated by org.testng.reporters.JUnitReportReporter -->
<testsuite hostname="DESKTOP-7N75VAJ" failures="0" tests="1" name="test.AddCustomerTest" time="5.265" errors="0" timestamp="2023-10-14T00:53:32 CDT" skipped="0">
  <testcase classname="test.AddCustomerTest" name="userShouldBeAbleToAddCustomer" time="5.265"/>
</testsuite> <!-- test.AddCustomerTest -->
