<?xml version="1.0" encoding="UTF-8"?>
<!-- Generated by org.testng.reporters.JUnitReportReporter -->
<testsuite hostname="DESKTOP-7N75VAJ" failures="0" tests="1" name="util.BrowserFactory" time="1.994" errors="0" timestamp="2023-10-09T22:46:30 CDT" skipped="0">
  <testcase classname="util.BrowserFactory" name="init" time="1.994"/>
</testsuite> <!-- util.BrowserFactory -->
