<?xml version="1.0" encoding="UTF-8"?>
<!-- Generated by org.testng.reporters.JUnitReportReporter -->
<testsuite hostname="DESKTOP-7N75VAJ" failures="0" tests="1" name="test.LoginTest" time="4.439" errors="0" timestamp="2023-10-13T16:43:10 CDT" skipped="0">
  <testcase classname="test.LoginTest" name="vailidUserShouldBeAbleToLogin" time="4.439"/>
  <system-out/>
</testsuite> <!-- test.LoginTest -->
